<?xml version="1.0" encoding="UTF-8"?>
<testsuite xmlns:xsi="http://www.w3.org/2001/XMLSchema-instance" xsi:noNamespaceSchemaLocation="https://maven.apache.org/surefire/maven-surefire-plugin/xsd/surefire-test-report-3.0.xsd" version="3.0" name="com.example.UserService.UserServiceApplicationTests" time="12.637" tests="1" errors="0" skipped="0" failures="0">
  <properties>
    <property name="java.specification.version" value="17"/>
    <property name="sun.jnu.encoding" value="UTF-8"/>
    <property name="java.class.path" value="/mnt/c/Users/Jordan Suber/Desktop/UserService/target/test-classes:/mnt/c/Users/Jordan Suber/Desktop/UserService/target/classes:/home/jordan/.m2/repository/org/springframework/boot/spring-boot-starter-web/2.6.0/spring-boot-starter-web-2.6.0.jar:/home/jordan/.m2/repository/org/springframework/boot/spring-boot-starter/3.2.1/spring-boot-starter-3.2.1.jar:/home/jordan/.m2/repository/org/springframework/boot/spring-boot/3.2.1/spring-boot-3.2.1.jar:/home/jordan/.m2/repository/org/springframework/boot/spring-boot-autoconfigure/3.2.1/spring-boot-autoconfigure-3.2.1.jar:/home/jordan/.m2/repository/org/springframework/boot/spring-boot-starter-logging/3.2.1/spring-boot-starter-logging-3.2.1.jar:/home/jordan/.m2/repository/ch/qos/logback/logback-classic/1.4.14/logback-classic-1.4.14.jar:/home/jordan/.m2/repository/ch/qos/logback/logback-core/1.4.14/logback-core-1.4.14.jar:/home/jordan/.m2/repository/org/apache/logging/log4j/log4j-to-slf4j/2.21.1/log4j-to-slf4j-2.21.1.jar:/home/jordan/.m2/repository/org/apache/logging/log4j/log4j-api/2.21.1/log4j-api-2.21.1.jar:/home/jordan/.m2/repository/org/slf4j/jul-to-slf4j/2.0.9/jul-to-slf4j-2.0.9.jar:/home/jordan/.m2/repository/org/yaml/snakeyaml/2.2/snakeyaml-2.2.jar:/home/jordan/.m2/repository/org/springframework/boot/spring-boot-starter-json/3.2.1/spring-boot-starter-json-3.2.1.jar:/home/jordan/.m2/repository/com/fasterxml/jackson/datatype/jackson-datatype-jdk8/2.15.3/jackson-datatype-jdk8-2.15.3.jar:/home/jordan/.m2/repository/com/fasterxml/jackson/datatype/jackson-datatype-jsr310/2.15.3/jackson-datatype-jsr310-2.15.3.jar:/home/jordan/.m2/repository/com/fasterxml/jackson/module/jackson-module-parameter-names/2.15.3/jackson-module-parameter-names-2.15.3.jar:/home/jordan/.m2/repository/org/springframework/boot/spring-boot-starter-tomcat/3.2.1/spring-boot-starter-tomcat-3.2.1.jar:/home/jordan/.m2/repository/org/apache/tomcat/embed/tomcat-embed-core/10.1.17/tomcat-embed-core-10.1.17.jar:/home/jordan/.m2/repository/org/apache/tomcat/embed/tomcat-embed-el/10.1.17/tomcat-embed-el-10.1.17.jar:/home/jordan/.m2/repository/org/apache/tomcat/embed/tomcat-embed-websocket/10.1.17/tomcat-embed-websocket-10.1.17.jar:/home/jordan/.m2/repository/org/springframework/spring-web/6.1.2/spring-web-6.1.2.jar:/home/jordan/.m2/repository/org/springframework/spring-beans/6.1.2/spring-beans-6.1.2.jar:/home/jordan/.m2/repository/io/micrometer/micrometer-observation/1.12.1/micrometer-observation-1.12.1.jar:/home/jordan/.m2/repository/io/micrometer/micrometer-commons/1.12.1/micrometer-commons-1.12.1.jar:/home/jordan/.m2/repository/org/springframework/spring-webmvc/6.1.2/spring-webmvc-6.1.2.jar:/home/jordan/.m2/repository/org/springframework/spring-aop/6.1.2/spring-aop-6.1.2.jar:/home/jordan/.m2/repository/org/springframework/spring-context/6.1.2/spring-context-6.1.2.jar:/home/jordan/.m2/repository/org/springframework/spring-expression/6.1.2/spring-expression-6.1.2.jar:/home/jordan/.m2/repository/org/springframework/boot/spring-boot-starter-test/3.2.1/spring-boot-starter-test-3.2.1.jar:/home/jordan/.m2/repository/org/springframework/boot/spring-boot-test/3.2.1/spring-boot-test-3.2.1.jar:/home/jordan/.m2/repository/org/springframework/boot/spring-boot-test-autoconfigure/3.2.1/spring-boot-test-autoconfigure-3.2.1.jar:/home/jordan/.m2/repository/com/jayway/jsonpath/json-path/2.8.0/json-path-2.8.0.jar:/home/jordan/.m2/repository/jakarta/xml/bind/jakarta.xml.bind-api/4.0.1/jakarta.xml.bind-api-4.0.1.jar:/home/jordan/.m2/repository/jakarta/activation/jakarta.activation-api/2.1.2/jakarta.activation-api-2.1.2.jar:/home/jordan/.m2/repository/net/minidev/json-smart/2.5.0/json-smart-2.5.0.jar:/home/jordan/.m2/repository/net/minidev/accessors-smart/2.5.0/accessors-smart-2.5.0.jar:/home/jordan/.m2/repository/org/assertj/assertj-core/3.24.2/assertj-core-3.24.2.jar:/home/jordan/.m2/repository/net/bytebuddy/byte-buddy/1.14.10/byte-buddy-1.14.10.jar:/home/jordan/.m2/repository/org/awaitility/awaitility/4.2.0/awaitility-4.2.0.jar:/home/jordan/.m2/repository/org/hamcrest/hamcrest/2.2/hamcrest-2.2.jar:/home/jordan/.m2/repository/org/junit/jupiter/junit-jupiter/5.10.1/junit-jupiter-5.10.1.jar:/home/jordan/.m2/repository/org/junit/jupiter/junit-jupiter-api/5.10.1/junit-jupiter-api-5.10.1.jar:/home/jordan/.m2/repository/org/opentest4j/opentest4j/1.3.0/opentest4j-1.3.0.jar:/home/jordan/.m2/repository/org/junit/platform/junit-platform-commons/1.10.1/junit-platform-commons-1.10.1.jar:/home/jordan/.m2/repository/org/apiguardian/apiguardian-api/1.1.2/apiguardian-api-1.1.2.jar:/home/jordan/.m2/repository/org/junit/jupiter/junit-jupiter-params/5.10.1/junit-jupiter-params-5.10.1.jar:/home/jordan/.m2/repository/org/junit/jupiter/junit-jupiter-engine/5.10.1/junit-jupiter-engine-5.10.1.jar:/home/jordan/.m2/repository/org/junit/platform/junit-platform-engine/1.10.1/junit-platform-engine-1.10.1.jar:/home/jordan/.m2/repository/org/mockito/mockito-core/5.7.0/mockito-core-5.7.0.jar:/home/jordan/.m2/repository/net/bytebuddy/byte-buddy-agent/1.14.10/byte-buddy-agent-1.14.10.jar:/home/jordan/.m2/repository/org/objenesis/objenesis/3.3/objenesis-3.3.jar:/home/jordan/.m2/repository/org/mockito/mockito-junit-jupiter/5.7.0/mockito-junit-jupiter-5.7.0.jar:/home/jordan/.m2/repository/org/skyscreamer/jsonassert/1.5.1/jsonassert-1.5.1.jar:/home/jordan/.m2/repository/com/vaadin/external/google/android-json/0.0.20131108.vaadin1/android-json-0.0.20131108.vaadin1.jar:/home/jordan/.m2/repository/org/springframework/spring-core/6.1.2/spring-core-6.1.2.jar:/home/jordan/.m2/repository/org/springframework/spring-jcl/6.1.2/spring-jcl-6.1.2.jar:/home/jordan/.m2/repository/org/springframework/spring-test/6.1.2/spring-test-6.1.2.jar:/home/jordan/.m2/repository/org/xmlunit/xmlunit-core/2.9.1/xmlunit-core-2.9.1.jar:/home/jordan/.m2/repository/org/springdoc/springdoc-openapi-ui/1.7.0/springdoc-openapi-ui-1.7.0.jar:/home/jordan/.m2/repository/org/springdoc/springdoc-openapi-webmvc-core/1.7.0/springdoc-openapi-webmvc-core-1.7.0.jar:/home/jordan/.m2/repository/org/springdoc/springdoc-openapi-common/1.7.0/springdoc-openapi-common-1.7.0.jar:/home/jordan/.m2/repository/io/swagger/core/v3/swagger-core/2.2.9/swagger-core-2.2.9.jar:/home/jordan/.m2/repository/org/apache/commons/commons-lang3/3.13.0/commons-lang3-3.13.0.jar:/home/jordan/.m2/repository/com/fasterxml/jackson/dataformat/jackson-dataformat-yaml/2.15.3/jackson-dataformat-yaml-2.15.3.jar:/home/jordan/.m2/repository/jakarta/validation/jakarta.validation-api/3.0.2/jakarta.validation-api-3.0.2.jar:/home/jordan/.m2/repository/org/webjars/swagger-ui/4.18.2/swagger-ui-4.18.2.jar:/home/jordan/.m2/repository/com/amazonaws/serverless/aws-serverless-java-container-core/2.0.0-M2/aws-serverless-java-container-core-2.0.0-M2.jar:/home/jordan/.m2/repository/com/fasterxml/jackson/core/jackson-databind/2.15.3/jackson-databind-2.15.3.jar:/home/jordan/.m2/repository/com/fasterxml/jackson/core/jackson-annotations/2.15.3/jackson-annotations-2.15.3.jar:/home/jordan/.m2/repository/com/fasterxml/jackson/core/jackson-core/2.15.3/jackson-core-2.15.3.jar:/home/jordan/.m2/repository/com/fasterxml/jackson/module/jackson-module-afterburner/2.15.3/jackson-module-afterburner-2.15.3.jar:/home/jordan/.m2/repository/org/apache/commons/commons-fileupload2-jakarta/2.0.0-M1/commons-fileupload2-jakarta-2.0.0-M1.jar:/home/jordan/.m2/repository/org/apache/commons/commons-fileupload2-core/2.0.0-M1/commons-fileupload2-core-2.0.0-M1.jar:/home/jordan/.m2/repository/commons-io/commons-io/2.13.0/commons-io-2.13.0.jar:/home/jordan/.m2/repository/org/slf4j/slf4j-api/2.0.9/slf4j-api-2.0.9.jar:/home/jordan/.m2/repository/io/springfox/springfox-boot-starter/3.0.0/springfox-boot-starter-3.0.0.jar:/home/jordan/.m2/repository/io/springfox/springfox-oas/3.0.0/springfox-oas-3.0.0.jar:/home/jordan/.m2/repository/io/swagger/core/v3/swagger-annotations/2.1.2/swagger-annotations-2.1.2.jar:/home/jordan/.m2/repository/io/swagger/core/v3/swagger-models/2.1.2/swagger-models-2.1.2.jar:/home/jordan/.m2/repository/io/springfox/springfox-spi/3.0.0/springfox-spi-3.0.0.jar:/home/jordan/.m2/repository/io/springfox/springfox-schema/3.0.0/springfox-schema-3.0.0.jar:/home/jordan/.m2/repository/io/springfox/springfox-core/3.0.0/springfox-core-3.0.0.jar:/home/jordan/.m2/repository/io/springfox/springfox-spring-web/3.0.0/springfox-spring-web-3.0.0.jar:/home/jordan/.m2/repository/io/github/classgraph/classgraph/4.8.83/classgraph-4.8.83.jar:/home/jordan/.m2/repository/io/springfox/springfox-spring-webmvc/3.0.0/springfox-spring-webmvc-3.0.0.jar:/home/jordan/.m2/repository/io/springfox/springfox-spring-webflux/3.0.0/springfox-spring-webflux-3.0.0.jar:/home/jordan/.m2/repository/io/springfox/springfox-swagger-common/3.0.0/springfox-swagger-common-3.0.0.jar:/home/jordan/.m2/repository/org/mapstruct/mapstruct/1.3.1.Final/mapstruct-1.3.1.Final.jar:/home/jordan/.m2/repository/io/springfox/springfox-data-rest/3.0.0/springfox-data-rest-3.0.0.jar:/home/jordan/.m2/repository/io/springfox/springfox-bean-validators/3.0.0/springfox-bean-validators-3.0.0.jar:/home/jordan/.m2/repository/io/springfox/springfox-swagger2/3.0.0/springfox-swagger2-3.0.0.jar:/home/jordan/.m2/repository/io/swagger/swagger-annotations/1.5.20/swagger-annotations-1.5.20.jar:/home/jordan/.m2/repository/io/swagger/swagger-models/1.5.20/swagger-models-1.5.20.jar:/home/jordan/.m2/repository/io/springfox/springfox-swagger-ui/3.0.0/springfox-swagger-ui-3.0.0.jar:/home/jordan/.m2/repository/com/fasterxml/classmate/1.6.0/classmate-1.6.0.jar:/home/jordan/.m2/repository/org/springframework/plugin/spring-plugin-core/2.0.0.RELEASE/spring-plugin-core-2.0.0.RELEASE.jar:/home/jordan/.m2/repository/org/springframework/plugin/spring-plugin-metadata/2.0.0.RELEASE/spring-plugin-metadata-2.0.0.RELEASE.jar:/home/jordan/.m2/repository/software/amazon/awssdk/dynamodb/2.22.13/dynamodb-2.22.13.jar:/home/jordan/.m2/repository/software/amazon/awssdk/aws-json-protocol/2.23.1/aws-json-protocol-2.23.1.jar:/home/jordan/.m2/repository/software/amazon/awssdk/third-party-jackson-core/2.23.1/third-party-jackson-core-2.23.1.jar:/home/jordan/.m2/repository/software/amazon/awssdk/protocol-core/2.23.1/protocol-core-2.23.1.jar:/home/jordan/.m2/repository/software/amazon/awssdk/profiles/2.23.1/profiles-2.23.1.jar:/home/jordan/.m2/repository/software/amazon/awssdk/http-auth-aws/2.23.1/http-auth-aws-2.23.1.jar:/home/jordan/.m2/repository/software/amazon/awssdk/checksums-spi/2.23.1/checksums-spi-2.23.1.jar:/home/jordan/.m2/repository/software/amazon/awssdk/checksums/2.23.1/checksums-2.23.1.jar:/home/jordan/.m2/repository/software/amazon/awssdk/sdk-core/2.23.1/sdk-core-2.23.1.jar:/home/jordan/.m2/repository/org/reactivestreams/reactive-streams/1.0.4/reactive-streams-1.0.4.jar:/home/jordan/.m2/repository/software/amazon/awssdk/auth/2.23.1/auth-2.23.1.jar:/home/jordan/.m2/repository/software/amazon/eventstream/eventstream/1.0.1/eventstream-1.0.1.jar:/home/jordan/.m2/repository/software/amazon/awssdk/http-auth-spi/2.23.1/http-auth-spi-2.23.1.jar:/home/jordan/.m2/repository/software/amazon/awssdk/http-auth/2.23.1/http-auth-2.23.1.jar:/home/jordan/.m2/repository/software/amazon/awssdk/identity-spi/2.23.1/identity-spi-2.23.1.jar:/home/jordan/.m2/repository/software/amazon/awssdk/http-client-spi/2.23.1/http-client-spi-2.23.1.jar:/home/jordan/.m2/repository/software/amazon/awssdk/regions/2.23.1/regions-2.23.1.jar:/home/jordan/.m2/repository/software/amazon/awssdk/annotations/2.23.1/annotations-2.23.1.jar:/home/jordan/.m2/repository/software/amazon/awssdk/utils/2.23.1/utils-2.23.1.jar:/home/jordan/.m2/repository/software/amazon/awssdk/aws-core/2.23.1/aws-core-2.23.1.jar:/home/jordan/.m2/repository/software/amazon/awssdk/metrics-spi/2.23.1/metrics-spi-2.23.1.jar:/home/jordan/.m2/repository/software/amazon/awssdk/json-utils/2.23.1/json-utils-2.23.1.jar:/home/jordan/.m2/repository/software/amazon/awssdk/endpoints-spi/2.22.13/endpoints-spi-2.22.13.jar:/home/jordan/.m2/repository/software/amazon/awssdk/apache-client/2.23.1/apache-client-2.23.1.jar:/home/jordan/.m2/repository/org/apache/httpcomponents/httpclient/4.5.13/httpclient-4.5.13.jar:/home/jordan/.m2/repository/commons-logging/commons-logging/1.2/commons-logging-1.2.jar:/home/jordan/.m2/repository/org/apache/httpcomponents/httpcore/4.4.16/httpcore-4.4.16.jar:/home/jordan/.m2/repository/commons-codec/commons-codec/1.16.0/commons-codec-1.16.0.jar:/home/jordan/.m2/repository/software/amazon/awssdk/netty-nio-client/2.23.1/netty-nio-client-2.23.1.jar:/home/jordan/.m2/repository/io/netty/netty-codec-http/4.1.104.Final/netty-codec-http-4.1.104.Final.jar:/home/jordan/.m2/repository/io/netty/netty-codec-http2/4.1.104.Final/netty-codec-http2-4.1.104.Final.jar:/home/jordan/.m2/repository/io/netty/netty-codec/4.1.104.Final/netty-codec-4.1.104.Final.jar:/home/jordan/.m2/repository/io/netty/netty-transport/4.1.104.Final/netty-transport-4.1.104.Final.jar:/home/jordan/.m2/repository/io/netty/netty-common/4.1.104.Final/netty-common-4.1.104.Final.jar:/home/jordan/.m2/repository/io/netty/netty-buffer/4.1.104.Final/netty-buffer-4.1.104.Final.jar:/home/jordan/.m2/repository/io/netty/netty-handler/4.1.104.Final/netty-handler-4.1.104.Final.jar:/home/jordan/.m2/repository/io/netty/netty-transport-native-unix-common/4.1.104.Final/netty-transport-native-unix-common-4.1.104.Final.jar:/home/jordan/.m2/repository/io/netty/netty-transport-classes-epoll/4.1.104.Final/netty-transport-classes-epoll-4.1.104.Final.jar:/home/jordan/.m2/repository/io/netty/netty-resolver/4.1.104.Final/netty-resolver-4.1.104.Final.jar:/home/jordan/.m2/repository/org/apache/maven/plugins/maven-compiler-plugin/3.12.1/maven-compiler-plugin-3.12.1.jar:/home/jordan/.m2/repository/org/apache/maven/shared/maven-shared-utils/3.4.2/maven-shared-utils-3.4.2.jar:/home/jordan/.m2/repository/org/apache/maven/shared/maven-shared-incremental/1.1/maven-shared-incremental-1.1.jar:/home/jordan/.m2/repository/org/codehaus/plexus/plexus-component-annotations/1.5.5/plexus-component-annotations-1.5.5.jar:/home/jordan/.m2/repository/org/codehaus/plexus/plexus-java/1.2.0/plexus-java-1.2.0.jar:/home/jordan/.m2/repository/org/ow2/asm/asm/9.6/asm-9.6.jar:/home/jordan/.m2/repository/com/thoughtworks/qdox/qdox/2.0.3/qdox-2.0.3.jar:/home/jordan/.m2/repository/org/codehaus/plexus/plexus-compiler-api/2.14.2/plexus-compiler-api-2.14.2.jar:/home/jordan/.m2/repository/org/codehaus/plexus/plexus-compiler-manager/2.14.2/plexus-compiler-manager-2.14.2.jar:/home/jordan/.m2/repository/javax/inject/javax.inject/1/javax.inject-1.jar:/home/jordan/.m2/repository/org/codehaus/plexus/plexus-xml/4.0.1/plexus-xml-4.0.1.jar:/home/jordan/.m2/repository/org/apache/maven/maven-xml-impl/4.0.0-alpha-5/maven-xml-impl-4.0.0-alpha-5.jar:/home/jordan/.m2/repository/org/apache/maven/maven-api-xml/4.0.0-alpha-5/maven-api-xml-4.0.0-alpha-5.jar:/home/jordan/.m2/repository/org/apache/maven/maven-api-meta/4.0.0-alpha-5/maven-api-meta-4.0.0-alpha-5.jar:/home/jordan/.m2/repository/org/eclipse/sisu/org.eclipse.sisu.plexus/0.3.5/org.eclipse.sisu.plexus-0.3.5.jar:/home/jordan/.m2/repository/javax/annotation/javax.annotation-api/1.2/javax.annotation-api-1.2.jar:/home/jordan/.m2/repository/org/eclipse/sisu/org.eclipse.sisu.inject/0.3.5/org.eclipse.sisu.inject-0.3.5.jar:/home/jordan/.m2/repository/org/codehaus/plexus/plexus-classworlds/2.5.2/plexus-classworlds-2.5.2.jar:/home/jordan/.m2/repository/org/codehaus/plexus/plexus-compiler-javac/2.14.2/plexus-compiler-javac-2.14.2.jar:/home/jordan/.m2/repository/org/codehaus/plexus/plexus-utils/4.0.0/plexus-utils-4.0.0.jar:/home/jordan/.m2/repository/jakarta/servlet/jakarta.servlet-api/6.1.0-M1/jakarta.servlet-api-6.1.0-M1.jar:/home/jordan/.m2/repository/jakarta/ws/rs/jakarta.ws.rs-api/3.1.0/jakarta.ws.rs-api-3.1.0.jar:/home/jordan/.m2/repository/com/amazonaws/aws-lambda-java-core/1.2.3/aws-lambda-java-core-1.2.3.jar:/home/jordan/.m2/repository/jakarta/annotation/jakarta.annotation-api/3.0.0-M1/jakarta.annotation-api-3.0.0-M1.jar:"/>
    <property name="java.vm.vendor" value="Debian"/>
    <property name="sun.arch.data.model" value="64"/>
    <property name="java.vendor.url" value="https://tracker.debian.org/openjdk-17"/>
    <property name="user.timezone" value="America/New_York"/>
    <property name="os.name" value="Linux"/>
    <property name="java.vm.specification.version" value="17"/>
    <property name="sun.java.launcher" value="SUN_STANDARD"/>
    <property name="user.country" value="US"/>
    <property name="sun.boot.library.path" value="/usr/lib/jvm/java-17-openjdk-amd64/lib"/>
    <property name="sun.java.command" value="/mnt/c/Users/Jordan Suber/Desktop/UserService/target/surefire/surefirebooter-20240206152311767_3.jar /mnt/c/Users/Jordan Suber/Desktop/UserService/target/surefire 2024-02-06T15-23-11_131-jvmRun1 surefire-20240206152311767_1tmp surefire_0-20240206152311767_2tmp"/>
    <property name="jdk.debug" value="release"/>
    <property name="surefire.test.class.path" value="/mnt/c/Users/Jordan Suber/Desktop/UserService/target/test-classes:/mnt/c/Users/Jordan Suber/Desktop/UserService/target/classes:/home/jordan/.m2/repository/org/springframework/boot/spring-boot-starter-web/2.6.0/spring-boot-starter-web-2.6.0.jar:/home/jordan/.m2/repository/org/springframework/boot/spring-boot-starter/3.2.1/spring-boot-starter-3.2.1.jar:/home/jordan/.m2/repository/org/springframework/boot/spring-boot/3.2.1/spring-boot-3.2.1.jar:/home/jordan/.m2/repository/org/springframework/boot/spring-boot-autoconfigure/3.2.1/spring-boot-autoconfigure-3.2.1.jar:/home/jordan/.m2/repository/org/springframework/boot/spring-boot-starter-logging/3.2.1/spring-boot-starter-logging-3.2.1.jar:/home/jordan/.m2/repository/ch/qos/logback/logback-classic/1.4.14/logback-classic-1.4.14.jar:/home/jordan/.m2/repository/ch/qos/logback/logback-core/1.4.14/logback-core-1.4.14.jar:/home/jordan/.m2/repository/org/apache/logging/log4j/log4j-to-slf4j/2.21.1/log4j-to-slf4j-2.21.1.jar:/home/jordan/.m2/repository/org/apache/logging/log4j/log4j-api/2.21.1/log4j-api-2.21.1.jar:/home/jordan/.m2/repository/org/slf4j/jul-to-slf4j/2.0.9/jul-to-slf4j-2.0.9.jar:/home/jordan/.m2/repository/org/yaml/snakeyaml/2.2/snakeyaml-2.2.jar:/home/jordan/.m2/repository/org/springframework/boot/spring-boot-starter-json/3.2.1/spring-boot-starter-json-3.2.1.jar:/home/jordan/.m2/repository/com/fasterxml/jackson/datatype/jackson-datatype-jdk8/2.15.3/jackson-datatype-jdk8-2.15.3.jar:/home/jordan/.m2/repository/com/fasterxml/jackson/datatype/jackson-datatype-jsr310/2.15.3/jackson-datatype-jsr310-2.15.3.jar:/home/jordan/.m2/repository/com/fasterxml/jackson/module/jackson-module-parameter-names/2.15.3/jackson-module-parameter-names-2.15.3.jar:/home/jordan/.m2/repository/org/springframework/boot/spring-boot-starter-tomcat/3.2.1/spring-boot-starter-tomcat-3.2.1.jar:/home/jordan/.m2/repository/org/apache/tomcat/embed/tomcat-embed-core/10.1.17/tomcat-embed-core-10.1.17.jar:/home/jordan/.m2/repository/org/apache/tomcat/embed/tomcat-embed-el/10.1.17/tomcat-embed-el-10.1.17.jar:/home/jordan/.m2/repository/org/apache/tomcat/embed/tomcat-embed-websocket/10.1.17/tomcat-embed-websocket-10.1.17.jar:/home/jordan/.m2/repository/org/springframework/spring-web/6.1.2/spring-web-6.1.2.jar:/home/jordan/.m2/repository/org/springframework/spring-beans/6.1.2/spring-beans-6.1.2.jar:/home/jordan/.m2/repository/io/micrometer/micrometer-observation/1.12.1/micrometer-observation-1.12.1.jar:/home/jordan/.m2/repository/io/micrometer/micrometer-commons/1.12.1/micrometer-commons-1.12.1.jar:/home/jordan/.m2/repository/org/springframework/spring-webmvc/6.1.2/spring-webmvc-6.1.2.jar:/home/jordan/.m2/repository/org/springframework/spring-aop/6.1.2/spring-aop-6.1.2.jar:/home/jordan/.m2/repository/org/springframework/spring-context/6.1.2/spring-context-6.1.2.jar:/home/jordan/.m2/repository/org/springframework/spring-expression/6.1.2/spring-expression-6.1.2.jar:/home/jordan/.m2/repository/org/springframework/boot/spring-boot-starter-test/3.2.1/spring-boot-starter-test-3.2.1.jar:/home/jordan/.m2/repository/org/springframework/boot/spring-boot-test/3.2.1/spring-boot-test-3.2.1.jar:/home/jordan/.m2/repository/org/springframework/boot/spring-boot-test-autoconfigure/3.2.1/spring-boot-test-autoconfigure-3.2.1.jar:/home/jordan/.m2/repository/com/jayway/jsonpath/json-path/2.8.0/json-path-2.8.0.jar:/home/jordan/.m2/repository/jakarta/xml/bind/jakarta.xml.bind-api/4.0.1/jakarta.xml.bind-api-4.0.1.jar:/home/jordan/.m2/repository/jakarta/activation/jakarta.activation-api/2.1.2/jakarta.activation-api-2.1.2.jar:/home/jordan/.m2/repository/net/minidev/json-smart/2.5.0/json-smart-2.5.0.jar:/home/jordan/.m2/repository/net/minidev/accessors-smart/2.5.0/accessors-smart-2.5.0.jar:/home/jordan/.m2/repository/org/assertj/assertj-core/3.24.2/assertj-core-3.24.2.jar:/home/jordan/.m2/repository/net/bytebuddy/byte-buddy/1.14.10/byte-buddy-1.14.10.jar:/home/jordan/.m2/repository/org/awaitility/awaitility/4.2.0/awaitility-4.2.0.jar:/home/jordan/.m2/repository/org/hamcrest/hamcrest/2.2/hamcrest-2.2.jar:/home/jordan/.m2/repository/org/junit/jupiter/junit-jupiter/5.10.1/junit-jupiter-5.10.1.jar:/home/jordan/.m2/repository/org/junit/jupiter/junit-jupiter-api/5.10.1/junit-jupiter-api-5.10.1.jar:/home/jordan/.m2/repository/org/opentest4j/opentest4j/1.3.0/opentest4j-1.3.0.jar:/home/jordan/.m2/repository/org/junit/platform/junit-platform-commons/1.10.1/junit-platform-commons-1.10.1.jar:/home/jordan/.m2/repository/org/apiguardian/apiguardian-api/1.1.2/apiguardian-api-1.1.2.jar:/home/jordan/.m2/repository/org/junit/jupiter/junit-jupiter-params/5.10.1/junit-jupiter-params-5.10.1.jar:/home/jordan/.m2/repository/org/junit/jupiter/junit-jupiter-engine/5.10.1/junit-jupiter-engine-5.10.1.jar:/home/jordan/.m2/repository/org/junit/platform/junit-platform-engine/1.10.1/junit-platform-engine-1.10.1.jar:/home/jordan/.m2/repository/org/mockito/mockito-core/5.7.0/mockito-core-5.7.0.jar:/home/jordan/.m2/repository/net/bytebuddy/byte-buddy-agent/1.14.10/byte-buddy-agent-1.14.10.jar:/home/jordan/.m2/repository/org/objenesis/objenesis/3.3/objenesis-3.3.jar:/home/jordan/.m2/repository/org/mockito/mockito-junit-jupiter/5.7.0/mockito-junit-jupiter-5.7.0.jar:/home/jordan/.m2/repository/org/skyscreamer/jsonassert/1.5.1/jsonassert-1.5.1.jar:/home/jordan/.m2/repository/com/vaadin/external/google/android-json/0.0.20131108.vaadin1/android-json-0.0.20131108.vaadin1.jar:/home/jordan/.m2/repository/org/springframework/spring-core/6.1.2/spring-core-6.1.2.jar:/home/jordan/.m2/repository/org/springframework/spring-jcl/6.1.2/spring-jcl-6.1.2.jar:/home/jordan/.m2/repository/org/springframework/spring-test/6.1.2/spring-test-6.1.2.jar:/home/jordan/.m2/repository/org/xmlunit/xmlunit-core/2.9.1/xmlunit-core-2.9.1.jar:/home/jordan/.m2/repository/org/springdoc/springdoc-openapi-ui/1.7.0/springdoc-openapi-ui-1.7.0.jar:/home/jordan/.m2/repository/org/springdoc/springdoc-openapi-webmvc-core/1.7.0/springdoc-openapi-webmvc-core-1.7.0.jar:/home/jordan/.m2/repository/org/springdoc/springdoc-openapi-common/1.7.0/springdoc-openapi-common-1.7.0.jar:/home/jordan/.m2/repository/io/swagger/core/v3/swagger-core/2.2.9/swagger-core-2.2.9.jar:/home/jordan/.m2/repository/org/apache/commons/commons-lang3/3.13.0/commons-lang3-3.13.0.jar:/home/jordan/.m2/repository/com/fasterxml/jackson/dataformat/jackson-dataformat-yaml/2.15.3/jackson-dataformat-yaml-2.15.3.jar:/home/jordan/.m2/repository/jakarta/validation/jakarta.validation-api/3.0.2/jakarta.validation-api-3.0.2.jar:/home/jordan/.m2/repository/org/webjars/swagger-ui/4.18.2/swagger-ui-4.18.2.jar:/home/jordan/.m2/repository/com/amazonaws/serverless/aws-serverless-java-container-core/2.0.0-M2/aws-serverless-java-container-core-2.0.0-M2.jar:/home/jordan/.m2/repository/com/fasterxml/jackson/core/jackson-databind/2.15.3/jackson-databind-2.15.3.jar:/home/jordan/.m2/repository/com/fasterxml/jackson/core/jackson-annotations/2.15.3/jackson-annotations-2.15.3.jar:/home/jordan/.m2/repository/com/fasterxml/jackson/core/jackson-core/2.15.3/jackson-core-2.15.3.jar:/home/jordan/.m2/repository/com/fasterxml/jackson/module/jackson-module-afterburner/2.15.3/jackson-module-afterburner-2.15.3.jar:/home/jordan/.m2/repository/org/apache/commons/commons-fileupload2-jakarta/2.0.0-M1/commons-fileupload2-jakarta-2.0.0-M1.jar:/home/jordan/.m2/repository/org/apache/commons/commons-fileupload2-core/2.0.0-M1/commons-fileupload2-core-2.0.0-M1.jar:/home/jordan/.m2/repository/commons-io/commons-io/2.13.0/commons-io-2.13.0.jar:/home/jordan/.m2/repository/org/slf4j/slf4j-api/2.0.9/slf4j-api-2.0.9.jar:/home/jordan/.m2/repository/io/springfox/springfox-boot-starter/3.0.0/springfox-boot-starter-3.0.0.jar:/home/jordan/.m2/repository/io/springfox/springfox-oas/3.0.0/springfox-oas-3.0.0.jar:/home/jordan/.m2/repository/io/swagger/core/v3/swagger-annotations/2.1.2/swagger-annotations-2.1.2.jar:/home/jordan/.m2/repository/io/swagger/core/v3/swagger-models/2.1.2/swagger-models-2.1.2.jar:/home/jordan/.m2/repository/io/springfox/springfox-spi/3.0.0/springfox-spi-3.0.0.jar:/home/jordan/.m2/repository/io/springfox/springfox-schema/3.0.0/springfox-schema-3.0.0.jar:/home/jordan/.m2/repository/io/springfox/springfox-core/3.0.0/springfox-core-3.0.0.jar:/home/jordan/.m2/repository/io/springfox/springfox-spring-web/3.0.0/springfox-spring-web-3.0.0.jar:/home/jordan/.m2/repository/io/github/classgraph/classgraph/4.8.83/classgraph-4.8.83.jar:/home/jordan/.m2/repository/io/springfox/springfox-spring-webmvc/3.0.0/springfox-spring-webmvc-3.0.0.jar:/home/jordan/.m2/repository/io/springfox/springfox-spring-webflux/3.0.0/springfox-spring-webflux-3.0.0.jar:/home/jordan/.m2/repository/io/springfox/springfox-swagger-common/3.0.0/springfox-swagger-common-3.0.0.jar:/home/jordan/.m2/repository/org/mapstruct/mapstruct/1.3.1.Final/mapstruct-1.3.1.Final.jar:/home/jordan/.m2/repository/io/springfox/springfox-data-rest/3.0.0/springfox-data-rest-3.0.0.jar:/home/jordan/.m2/repository/io/springfox/springfox-bean-validators/3.0.0/springfox-bean-validators-3.0.0.jar:/home/jordan/.m2/repository/io/springfox/springfox-swagger2/3.0.0/springfox-swagger2-3.0.0.jar:/home/jordan/.m2/repository/io/swagger/swagger-annotations/1.5.20/swagger-annotations-1.5.20.jar:/home/jordan/.m2/repository/io/swagger/swagger-models/1.5.20/swagger-models-1.5.20.jar:/home/jordan/.m2/repository/io/springfox/springfox-swagger-ui/3.0.0/springfox-swagger-ui-3.0.0.jar:/home/jordan/.m2/repository/com/fasterxml/classmate/1.6.0/classmate-1.6.0.jar:/home/jordan/.m2/repository/org/springframework/plugin/spring-plugin-core/2.0.0.RELEASE/spring-plugin-core-2.0.0.RELEASE.jar:/home/jordan/.m2/repository/org/springframework/plugin/spring-plugin-metadata/2.0.0.RELEASE/spring-plugin-metadata-2.0.0.RELEASE.jar:/home/jordan/.m2/repository/software/amazon/awssdk/dynamodb/2.22.13/dynamodb-2.22.13.jar:/home/jordan/.m2/repository/software/amazon/awssdk/aws-json-protocol/2.23.1/aws-json-protocol-2.23.1.jar:/home/jordan/.m2/repository/software/amazon/awssdk/third-party-jackson-core/2.23.1/third-party-jackson-core-2.23.1.jar:/home/jordan/.m2/repository/software/amazon/awssdk/protocol-core/2.23.1/protocol-core-2.23.1.jar:/home/jordan/.m2/repository/software/amazon/awssdk/profiles/2.23.1/profiles-2.23.1.jar:/home/jordan/.m2/repository/software/amazon/awssdk/http-auth-aws/2.23.1/http-auth-aws-2.23.1.jar:/home/jordan/.m2/repository/software/amazon/awssdk/checksums-spi/2.23.1/checksums-spi-2.23.1.jar:/home/jordan/.m2/repository/software/amazon/awssdk/checksums/2.23.1/checksums-2.23.1.jar:/home/jordan/.m2/repository/software/amazon/awssdk/sdk-core/2.23.1/sdk-core-2.23.1.jar:/home/jordan/.m2/repository/org/reactivestreams/reactive-streams/1.0.4/reactive-streams-1.0.4.jar:/home/jordan/.m2/repository/software/amazon/awssdk/auth/2.23.1/auth-2.23.1.jar:/home/jordan/.m2/repository/software/amazon/eventstream/eventstream/1.0.1/eventstream-1.0.1.jar:/home/jordan/.m2/repository/software/amazon/awssdk/http-auth-spi/2.23.1/http-auth-spi-2.23.1.jar:/home/jordan/.m2/repository/software/amazon/awssdk/http-auth/2.23.1/http-auth-2.23.1.jar:/home/jordan/.m2/repository/software/amazon/awssdk/identity-spi/2.23.1/identity-spi-2.23.1.jar:/home/jordan/.m2/repository/software/amazon/awssdk/http-client-spi/2.23.1/http-client-spi-2.23.1.jar:/home/jordan/.m2/repository/software/amazon/awssdk/regions/2.23.1/regions-2.23.1.jar:/home/jordan/.m2/repository/software/amazon/awssdk/annotations/2.23.1/annotations-2.23.1.jar:/home/jordan/.m2/repository/software/amazon/awssdk/utils/2.23.1/utils-2.23.1.jar:/home/jordan/.m2/repository/software/amazon/awssdk/aws-core/2.23.1/aws-core-2.23.1.jar:/home/jordan/.m2/repository/software/amazon/awssdk/metrics-spi/2.23.1/metrics-spi-2.23.1.jar:/home/jordan/.m2/repository/software/amazon/awssdk/json-utils/2.23.1/json-utils-2.23.1.jar:/home/jordan/.m2/repository/software/amazon/awssdk/endpoints-spi/2.22.13/endpoints-spi-2.22.13.jar:/home/jordan/.m2/repository/software/amazon/awssdk/apache-client/2.23.1/apache-client-2.23.1.jar:/home/jordan/.m2/repository/org/apache/httpcomponents/httpclient/4.5.13/httpclient-4.5.13.jar:/home/jordan/.m2/repository/commons-logging/commons-logging/1.2/commons-logging-1.2.jar:/home/jordan/.m2/repository/org/apache/httpcomponents/httpcore/4.4.16/httpcore-4.4.16.jar:/home/jordan/.m2/repository/commons-codec/commons-codec/1.16.0/commons-codec-1.16.0.jar:/home/jordan/.m2/repository/software/amazon/awssdk/netty-nio-client/2.23.1/netty-nio-client-2.23.1.jar:/home/jordan/.m2/repository/io/netty/netty-codec-http/4.1.104.Final/netty-codec-http-4.1.104.Final.jar:/home/jordan/.m2/repository/io/netty/netty-codec-http2/4.1.104.Final/netty-codec-http2-4.1.104.Final.jar:/home/jordan/.m2/repository/io/netty/netty-codec/4.1.104.Final/netty-codec-4.1.104.Final.jar:/home/jordan/.m2/repository/io/netty/netty-transport/4.1.104.Final/netty-transport-4.1.104.Final.jar:/home/jordan/.m2/repository/io/netty/netty-common/4.1.104.Final/netty-common-4.1.104.Final.jar:/home/jordan/.m2/repository/io/netty/netty-buffer/4.1.104.Final/netty-buffer-4.1.104.Final.jar:/home/jordan/.m2/repository/io/netty/netty-handler/4.1.104.Final/netty-handler-4.1.104.Final.jar:/home/jordan/.m2/repository/io/netty/netty-transport-native-unix-common/4.1.104.Final/netty-transport-native-unix-common-4.1.104.Final.jar:/home/jordan/.m2/repository/io/netty/netty-transport-classes-epoll/4.1.104.Final/netty-transport-classes-epoll-4.1.104.Final.jar:/home/jordan/.m2/repository/io/netty/netty-resolver/4.1.104.Final/netty-resolver-4.1.104.Final.jar:/home/jordan/.m2/repository/org/apache/maven/plugins/maven-compiler-plugin/3.12.1/maven-compiler-plugin-3.12.1.jar:/home/jordan/.m2/repository/org/apache/maven/shared/maven-shared-utils/3.4.2/maven-shared-utils-3.4.2.jar:/home/jordan/.m2/repository/org/apache/maven/shared/maven-shared-incremental/1.1/maven-shared-incremental-1.1.jar:/home/jordan/.m2/repository/org/codehaus/plexus/plexus-component-annotations/1.5.5/plexus-component-annotations-1.5.5.jar:/home/jordan/.m2/repository/org/codehaus/plexus/plexus-java/1.2.0/plexus-java-1.2.0.jar:/home/jordan/.m2/repository/org/ow2/asm/asm/9.6/asm-9.6.jar:/home/jordan/.m2/repository/com/thoughtworks/qdox/qdox/2.0.3/qdox-2.0.3.jar:/home/jordan/.m2/repository/org/codehaus/plexus/plexus-compiler-api/2.14.2/plexus-compiler-api-2.14.2.jar:/home/jordan/.m2/repository/org/codehaus/plexus/plexus-compiler-manager/2.14.2/plexus-compiler-manager-2.14.2.jar:/home/jordan/.m2/repository/javax/inject/javax.inject/1/javax.inject-1.jar:/home/jordan/.m2/repository/org/codehaus/plexus/plexus-xml/4.0.1/plexus-xml-4.0.1.jar:/home/jordan/.m2/repository/org/apache/maven/maven-xml-impl/4.0.0-alpha-5/maven-xml-impl-4.0.0-alpha-5.jar:/home/jordan/.m2/repository/org/apache/maven/maven-api-xml/4.0.0-alpha-5/maven-api-xml-4.0.0-alpha-5.jar:/home/jordan/.m2/repository/org/apache/maven/maven-api-meta/4.0.0-alpha-5/maven-api-meta-4.0.0-alpha-5.jar:/home/jordan/.m2/repository/org/eclipse/sisu/org.eclipse.sisu.plexus/0.3.5/org.eclipse.sisu.plexus-0.3.5.jar:/home/jordan/.m2/repository/javax/annotation/javax.annotation-api/1.2/javax.annotation-api-1.2.jar:/home/jordan/.m2/repository/org/eclipse/sisu/org.eclipse.sisu.inject/0.3.5/org.eclipse.sisu.inject-0.3.5.jar:/home/jordan/.m2/repository/org/codehaus/plexus/plexus-classworlds/2.5.2/plexus-classworlds-2.5.2.jar:/home/jordan/.m2/repository/org/codehaus/plexus/plexus-compiler-javac/2.14.2/plexus-compiler-javac-2.14.2.jar:/home/jordan/.m2/repository/org/codehaus/plexus/plexus-utils/4.0.0/plexus-utils-4.0.0.jar:/home/jordan/.m2/repository/jakarta/servlet/jakarta.servlet-api/6.1.0-M1/jakarta.servlet-api-6.1.0-M1.jar:/home/jordan/.m2/repository/jakarta/ws/rs/jakarta.ws.rs-api/3.1.0/jakarta.ws.rs-api-3.1.0.jar:/home/jordan/.m2/repository/com/amazonaws/aws-lambda-java-core/1.2.3/aws-lambda-java-core-1.2.3.jar:/home/jordan/.m2/repository/jakarta/annotation/jakarta.annotation-api/3.0.0-M1/jakarta.annotation-api-3.0.0-M1.jar:"/>
    <property name="sun.cpu.endian" value="little"/>
    <property name="user.home" value="/home/jordan"/>
    <property name="user.language" value="en"/>
    <property name="java.specification.vendor" value="Oracle Corporation"/>
    <property name="java.version.date" value="2023-10-17"/>
    <property name="java.home" value="/usr/lib/jvm/java-17-openjdk-amd64"/>
    <property name="file.separator" value="/"/>
    <property name="basedir" value="/mnt/c/Users/Jordan Suber/Desktop/UserService"/>
    <property name="java.vm.compressedOopsMode" value="32-bit"/>
    <property name="line.separator" value="&#10;"/>
    <property name="java.specification.name" value="Java Platform API Specification"/>
    <property name="java.vm.specification.vendor" value="Oracle Corporation"/>
    <property name="FILE_LOG_CHARSET" value="UTF-8"/>
    <property name="java.awt.headless" value="true"/>
    <property name="surefire.real.class.path" value="/mnt/c/Users/Jordan Suber/Desktop/UserService/target/surefire/surefirebooter-20240206152311767_3.jar"/>
    <property name="sun.management.compiler" value="HotSpot 64-Bit Tiered Compilers"/>
    <property name="java.runtime.version" value="17.0.9+9-Debian-1deb12u1"/>
    <property name="user.name" value="jordan"/>
    <property name="path.separator" value=":"/>
    <property name="os.version" value="5.15.133.1-microsoft-standard-WSL2"/>
    <property name="java.runtime.name" value="OpenJDK Runtime Environment"/>
    <property name="file.encoding" value="UTF-8"/>
    <property name="java.vm.name" value="OpenJDK 64-Bit Server VM"/>
    <property name="localRepository" value="/home/jordan/.m2/repository"/>
    <property name="java.vendor.url.bug" value="https://bugs.debian.org/openjdk-17"/>
    <property name="java.io.tmpdir" value="/tmp"/>
    <property name="java.version" value="17.0.9"/>
    <property name="user.dir" value="/mnt/c/Users/Jordan Suber/Desktop/UserService"/>
    <property name="os.arch" value="amd64"/>
    <property name="java.vm.specification.name" value="Java Virtual Machine Specification"/>
    <property name="PID" value="13205"/>
    <property name="CONSOLE_LOG_CHARSET" value="UTF-8"/>
    <property name="native.encoding" value="UTF-8"/>
    <property name="java.library.path" value="/usr/java/packages/lib:/usr/lib/x86_64-linux-gnu/jni:/lib/x86_64-linux-gnu:/usr/lib/x86_64-linux-gnu:/usr/lib/jni:/lib:/usr/lib"/>
    <property name="java.vm.info" value="mixed mode, sharing"/>
    <property name="java.vendor" value="Debian"/>
    <property name="java.vm.version" value="17.0.9+9-Debian-1deb12u1"/>
    <property name="sun.io.unicode.encoding" value="UnicodeLittle"/>
    <property name="java.class.version" value="61.0"/>
  </properties>
  <testcase name="contextLoads" classname="com.example.UserService.UserServiceApplicationTests" time="4.798">
    <system-out><![CDATA[
  .   ____          _            __ _ _
 /\\ / ___'_ __ _ _(_)_ __  __ _ \ \ \ \
( ( )\___ | '_ | '_| | '_ \/ _` | \ \ \ \
 \\/  ___)| |_)| | | | | || (_| |  ) ) ) )
  '  |____| .__|_| |_|_| |_\__, | / / / /
 =========|_|==============|___/=/_/_/_/
 :: Spring Boot ::                (v3.2.1)

2024-02-06T15:23:19.595-05:00  INFO 13205 --- [           main] c.e.U.UserServiceApplicationTests        : Starting UserServiceApplicationTests using Java 17.0.9 with PID 13205 (started by jordan in /mnt/c/Users/Jordan Suber/Desktop/UserService)
2024-02-06T15:23:19.610-05:00  INFO 13205 --- [           main] c.e.U.UserServiceApplicationTests        : No active profile set, falling back to 1 default profile: "default"
2024-02-06T15:23:20.894-05:00  INFO 13205 --- [           main] c.e.U.UserServiceApplicationTests        : Started UserServiceApplicationTests in 3.255 seconds (process running for 8.741)
]]></system-out>
  </testcase>
</testsuite>